<?xml version="1.0" encoding="UTF-8"?>
<!-- Generated by org.testng.reporters.JUnitXMLReporter -->
<testsuite hostname="Air-de-Marthe" ignored="0" name="Regression Suite" tests="3" failures="0" timestamp="2020-09-29T20:48:55 CEST" time="20.625" errors="0">
  <testcase name="loginAsBankManager" time="3.648" classname="it.testware.testcases.LoginTest"/>
  <testcase name="addCustomer" time="1.836" classname="it.testware.testcases.AddCustomerTest"/>
  <testcase name="addCustomer" time="1.821" classname="it.testware.testcases.AddCustomerTest"/>
</testsuite> <!-- Regression Suite -->
