<?xml version="1.0" encoding="UTF-8"?>
<testsuite xmlns:xsi="http://www.w3.org/2001/XMLSchema-instance" xsi:noNamespaceSchemaLocation="https://maven.apache.org/surefire/maven-surefire-plugin/xsd/surefire-test-report.xsd" name="TestSuite" time="35.25" tests="5" errors="0" skipped="0" failures="0">
  <properties>
[...]
</properties>
  <testcase name="loginAsBankManager" classname="it.testware.testcases.LoginTest" time="3.322"/>
  <testcase name="addCustomer" classname="it.testware.testcases.AddCustomerTest" time="1.835"/>
  <testcase name="addCustomer" classname="it.testware.testcases.AddCustomerTest" time="1.821"/>
  <testcase name="addCustomer" classname="it.testware.testcases.AddCustomerTest" time="1.621"/>
  <testcase name="addCustomer" classname="it.testware.testcases.AddCustomerTest" time="1.502"/>
</testsuite>