<?xml version="1.0" encoding="UTF-8"?>
<testng-results skipped="0" failed="0" ignored="0" total="5" passed="5">
  <reporter-output>
  </reporter-output>
  <suite name="DataDriven Suite" duration-ms="31300" started-at="2020-09-29T20:48:35 CEST" finished-at="2020-09-29T20:49:06 CEST">
    <groups>
    </groups>
    <test name="Regression Suite" duration-ms="20625" started-at="2020-09-29T20:48:35 CEST" finished-at="2020-09-29T20:48:55 CEST">
      <class name="it.testware.testcases.AddCustomerTest">
        <test-method status="PASS" signature="beforeClass()[pri:0, instance:it.testware.testcases.AddCustomerTest@7c83dc97]" name="beforeClass" is-config="true" duration-ms="2" started-at="2020-09-29T20:48:44 CEST" finished-at="2020-09-29T20:48:44 CEST">
          <reporter-output>
          </reporter-output>
        </test-method> <!-- beforeClass -->
        <test-method status="PASS" signature="setUp()[pri:0, instance:it.testware.testcases.AddCustomerTest@7c83dc97]" name="setUp" is-config="true" duration-ms="3446" started-at="2020-09-29T20:48:45 CEST" finished-at="2020-09-29T20:48:48 CEST">
          <reporter-output>
          </reporter-output>
        </test-method> <!-- setUp -->
        <test-method status="PASS" signature="beforeMethod(java.lang.reflect.Method)[pri:0, instance:it.testware.testcases.AddCustomerTest@7c83dc97]" name="beforeMethod" is-config="true" duration-ms="1" started-at="2020-09-29T20:48:48 CEST" finished-at="2020-09-29T20:48:48 CEST">
          <params>
            <param index="0">
              <value>
                <![CDATA[public void it.testware.testcases.AddCustomerTest.addCustomer(java.util.Hashtable)]]>
              </value>
            </param>
          </params>
          <reporter-output>
          </reporter-output>
        </test-method> <!-- beforeMethod -->
        <test-method status="PASS" signature="addCustomer(java.util.Hashtable)[pri:0, instance:it.testware.testcases.AddCustomerTest@7c83dc97]" name="addCustomer" duration-ms="1836" started-at="2020-09-29T20:48:48 CEST" data-provider="getTestData" finished-at="2020-09-29T20:48:50 CEST">
          <params>
            <param index="0">
              <value>
                <![CDATA[{PostCode=67898.0, FirstName=Bamba, LastName=Dia }]]>
              </value>
            </param>
          </params>
          <reporter-output>
          </reporter-output>
        </test-method> <!-- addCustomer -->
        <test-method status="PASS" signature="tearDown()[pri:0, instance:it.testware.testcases.AddCustomerTest@7c83dc97]" name="tearDown" is-config="true" duration-ms="157" started-at="2020-09-29T20:48:50 CEST" finished-at="2020-09-29T20:48:50 CEST">
          <reporter-output>
          </reporter-output>
        </test-method> <!-- tearDown -->
        <test-method status="PASS" signature="setUp()[pri:0, instance:it.testware.testcases.AddCustomerTest@7c83dc97]" name="setUp" is-config="true" duration-ms="3057" started-at="2020-09-29T20:48:50 CEST" finished-at="2020-09-29T20:48:53 CEST">
          <reporter-output>
          </reporter-output>
        </test-method> <!-- setUp -->
        <test-method status="PASS" signature="beforeMethod(java.lang.reflect.Method)[pri:0, instance:it.testware.testcases.AddCustomerTest@7c83dc97]" name="beforeMethod" is-config="true" duration-ms="1" started-at="2020-09-29T20:48:53 CEST" finished-at="2020-09-29T20:48:53 CEST">
          <params>
            <param index="0">
              <value>
                <![CDATA[public void it.testware.testcases.AddCustomerTest.addCustomer(java.util.Hashtable)]]>
              </value>
            </param>
          </params>
          <reporter-output>
          </reporter-output>
        </test-method> <!-- beforeMethod -->
        <test-method status="PASS" signature="addCustomer(java.util.Hashtable)[pri:0, instance:it.testware.testcases.AddCustomerTest@7c83dc97]" name="addCustomer" duration-ms="1821" started-at="2020-09-29T20:48:53 CEST" data-provider="getTestData" finished-at="2020-09-29T20:48:55 CEST">
          <params>
            <param index="0">
              <value>
                <![CDATA[{PostCode=78667.0, FirstName=Lamine, LastName=dupont }]]>
              </value>
            </param>
          </params>
          <reporter-output>
          </reporter-output>
        </test-method> <!-- addCustomer -->
        <test-method status="PASS" signature="tearDown()[pri:0, instance:it.testware.testcases.AddCustomerTest@7c83dc97]" name="tearDown" is-config="true" duration-ms="149" started-at="2020-09-29T20:48:55 CEST" finished-at="2020-09-29T20:48:55 CEST">
          <reporter-output>
          </reporter-output>
        </test-method> <!-- tearDown -->
      </class> <!-- it.testware.testcases.AddCustomerTest -->
      <class name="it.testware.testcases.LoginTest">
        <test-method status="PASS" signature="beforeClass()[pri:0, instance:it.testware.testcases.LoginTest@4470f8a6]" name="beforeClass" is-config="true" duration-ms="12" started-at="2020-09-29T20:48:35 CEST" finished-at="2020-09-29T20:48:35 CEST">
          <reporter-output>
          </reporter-output>
        </test-method> <!-- beforeClass -->
        <test-method status="PASS" signature="setUp()[pri:0, instance:it.testware.testcases.LoginTest@4470f8a6]" name="setUp" is-config="true" duration-ms="5454" started-at="2020-09-29T20:48:35 CEST" finished-at="2020-09-29T20:48:40 CEST">
          <reporter-output>
          </reporter-output>
        </test-method> <!-- setUp -->
        <test-method status="PASS" signature="beforeMethod(java.lang.reflect.Method)[pri:0, instance:it.testware.testcases.LoginTest@4470f8a6]" name="beforeMethod" is-config="true" duration-ms="3" started-at="2020-09-29T20:48:40 CEST" finished-at="2020-09-29T20:48:40 CEST">
          <params>
            <param index="0">
              <value>
                <![CDATA[public void it.testware.testcases.LoginTest.loginAsBankManager() throws java.lang.InterruptedException]]>
              </value>
            </param>
          </params>
          <reporter-output>
          </reporter-output>
        </test-method> <!-- beforeMethod -->
        <test-method status="PASS" signature="loginAsBankManager()[pri:0, instance:it.testware.testcases.LoginTest@4470f8a6]" name="loginAsBankManager" duration-ms="3648" started-at="2020-09-29T20:48:40 CEST" finished-at="2020-09-29T20:48:44 CEST">
          <reporter-output>
          </reporter-output>
        </test-method> <!-- loginAsBankManager -->
        <test-method status="PASS" signature="tearDown()[pri:0, instance:it.testware.testcases.LoginTest@4470f8a6]" name="tearDown" is-config="true" duration-ms="97" started-at="2020-09-29T20:48:44 CEST" finished-at="2020-09-29T20:48:44 CEST">
          <reporter-output>
          </reporter-output>
        </test-method> <!-- tearDown -->
      </class> <!-- it.testware.testcases.LoginTest -->
    </test> <!-- Regression Suite -->
    <test name="End to end suite" duration-ms="10226" started-at="2020-09-29T20:48:56 CEST" finished-at="2020-09-29T20:49:06 CEST">
      <class name="it.testware.testcases.AddCustomerTest">
        <test-method status="PASS" signature="beforeClass()[pri:0, instance:it.testware.testcases.AddCustomerTest@1356d4d4]" name="beforeClass" is-config="true" duration-ms="1" started-at="2020-09-29T20:48:56 CEST" finished-at="2020-09-29T20:48:56 CEST">
          <reporter-output>
          </reporter-output>
        </test-method> <!-- beforeClass -->
        <test-method status="PASS" signature="setUp()[pri:0, instance:it.testware.testcases.AddCustomerTest@1356d4d4]" name="setUp" is-config="true" duration-ms="3350" started-at="2020-09-29T20:48:56 CEST" finished-at="2020-09-29T20:48:59 CEST">
          <reporter-output>
          </reporter-output>
        </test-method> <!-- setUp -->
        <test-method status="PASS" signature="beforeMethod(java.lang.reflect.Method)[pri:0, instance:it.testware.testcases.AddCustomerTest@1356d4d4]" name="beforeMethod" is-config="true" duration-ms="1" started-at="2020-09-29T20:48:59 CEST" finished-at="2020-09-29T20:48:59 CEST">
          <params>
            <param index="0">
              <value>
                <![CDATA[public void it.testware.testcases.AddCustomerTest.addCustomer(java.util.Hashtable)]]>
              </value>
            </param>
          </params>
          <reporter-output>
          </reporter-output>
        </test-method> <!-- beforeMethod -->
        <test-method status="PASS" signature="addCustomer(java.util.Hashtable)[pri:0, instance:it.testware.testcases.AddCustomerTest@1356d4d4]" name="addCustomer" duration-ms="1622" started-at="2020-09-29T20:48:59 CEST" data-provider="getTestData" finished-at="2020-09-29T20:49:01 CEST">
          <params>
            <param index="0">
              <value>
                <![CDATA[{PostCode=67898.0, FirstName=Bamba, LastName=Dia }]]>
              </value>
            </param>
          </params>
          <reporter-output>
          </reporter-output>
        </test-method> <!-- addCustomer -->
        <test-method status="PASS" signature="tearDown()[pri:0, instance:it.testware.testcases.AddCustomerTest@1356d4d4]" name="tearDown" is-config="true" duration-ms="151" started-at="2020-09-29T20:49:01 CEST" finished-at="2020-09-29T20:49:01 CEST">
          <reporter-output>
          </reporter-output>
        </test-method> <!-- tearDown -->
        <test-method status="PASS" signature="setUp()[pri:0, instance:it.testware.testcases.AddCustomerTest@1356d4d4]" name="setUp" is-config="true" duration-ms="3400" started-at="2020-09-29T20:49:01 CEST" finished-at="2020-09-29T20:49:04 CEST">
          <reporter-output>
          </reporter-output>
        </test-method> <!-- setUp -->
        <test-method status="PASS" signature="beforeMethod(java.lang.reflect.Method)[pri:0, instance:it.testware.testcases.AddCustomerTest@1356d4d4]" name="beforeMethod" is-config="true" duration-ms="2" started-at="2020-09-29T20:49:04 CEST" finished-at="2020-09-29T20:49:04 CEST">
          <params>
            <param index="0">
              <value>
                <![CDATA[public void it.testware.testcases.AddCustomerTest.addCustomer(java.util.Hashtable)]]>
              </value>
            </param>
          </params>
          <reporter-output>
          </reporter-output>
        </test-method> <!-- beforeMethod -->
        <test-method status="PASS" signature="addCustomer(java.util.Hashtable)[pri:0, instance:it.testware.testcases.AddCustomerTest@1356d4d4]" name="addCustomer" duration-ms="1502" started-at="2020-09-29T20:49:04 CEST" data-provider="getTestData" finished-at="2020-09-29T20:49:06 CEST">
          <params>
            <param index="0">
              <value>
                <![CDATA[{PostCode=78667.0, FirstName=Lamine, LastName=dupont }]]>
              </value>
            </param>
          </params>
          <reporter-output>
          </reporter-output>
        </test-method> <!-- addCustomer -->
        <test-method status="PASS" signature="tearDown()[pri:0, instance:it.testware.testcases.AddCustomerTest@1356d4d4]" name="tearDown" is-config="true" duration-ms="147" started-at="2020-09-29T20:49:06 CEST" finished-at="2020-09-29T20:49:06 CEST">
          <reporter-output>
          </reporter-output>
        </test-method> <!-- tearDown -->
      </class> <!-- it.testware.testcases.AddCustomerTest -->
    </test> <!-- End to end suite -->
  </suite> <!-- DataDriven Suite -->
</testng-results>
