[WARN ] 2020-09-13 17:21:12.708 it.testware.base.TestBase:40 - warning message
[ERROR] 2020-09-13 17:21:12.719 it.testware.base.TestBase:41 - error message
[INFO ] 2020-09-13 19:06:32.602 it.testware.base.TestBase:38 - info message
[DEBUG] 2020-09-13 19:06:32.609 it.testware.base.TestBase:39 - debug message
[WARN ] 2020-09-13 19:06:32.610 it.testware.base.TestBase:40 - warning message
[ERROR] 2020-09-13 19:06:32.611 it.testware.base.TestBase:41 - error message
[DEBUG] 2020-09-13 19:06:43.123 it.testware.base.TestBase:15 - ExecutingloginToBank
[INFO ] 2020-09-13 19:15:45.713 it.testware.base.TestBase:38 - info message
[DEBUG] 2020-09-13 19:15:45.721 it.testware.base.TestBase:39 - debug message
[WARN ] 2020-09-13 19:15:45.722 it.testware.base.TestBase:40 - warning message
[ERROR] 2020-09-13 19:15:45.723 it.testware.base.TestBase:41 - error message
[DEBUG] 2020-09-13 19:15:54.966 it.testware.base.TestBase:74 - 
Driver launch and navigate to : http://www.way2automation.com/angularjs-protractor/banking/#/login

[DEBUG] 2020-09-13 19:15:55.052 it.testware.base.TestBase:16 - 
***************** loginToBank started executing ****************

[DEBUG] 2020-09-13 19:16:03.059 it.testware.base.TestBase:85 - 
Driver quit

[INFO ] 2020-09-13 21:21:09.416 it.testware.base.TestBase:38 - info message
[DEBUG] 2020-09-13 21:21:09.426 it.testware.base.TestBase:39 - debug message
[WARN ] 2020-09-13 21:21:09.427 it.testware.base.TestBase:40 - warning message
[ERROR] 2020-09-13 21:21:09.427 it.testware.base.TestBase:41 - error message
[DEBUG] 2020-09-13 21:21:20.657 it.testware.base.TestBase:74 - 
Driver launch and navigate to : http://www.way2automation.com/angularjs-protractor/banking/#/login

[DEBUG] 2020-09-13 21:21:20.803 it.testware.base.TestBase:16 - 
***************** loginAsBankManager start executing ****************

[DEBUG] 2020-09-13 21:21:28.663 it.testware.base.TestBase:85 - 
Driver quit

[INFO ] 2020-09-13 21:23:52.487 it.testware.base.TestBase:38 - info message
[DEBUG] 2020-09-13 21:23:52.494 it.testware.base.TestBase:39 - debug message
[WARN ] 2020-09-13 21:23:52.495 it.testware.base.TestBase:40 - warning message
[ERROR] 2020-09-13 21:23:52.496 it.testware.base.TestBase:41 - error message
[DEBUG] 2020-09-13 21:24:01.316 it.testware.base.TestBase:74 - 
Driver launch and navigate to : http://www.way2automation.com/angularjs-protractor/banking/#/login

[DEBUG] 2020-09-13 21:24:01.389 it.testware.base.TestBase:16 - 
***************** loginAsBankManager start executing ****************

[DEBUG] 2020-09-13 21:24:07.833 it.testware.base.TestBase:85 - 
Driver quit

[INFO ] 2020-09-13 21:25:24.199 it.testware.base.TestBase:38 - info message
[DEBUG] 2020-09-13 21:25:24.210 it.testware.base.TestBase:39 - debug message
[WARN ] 2020-09-13 21:25:24.211 it.testware.base.TestBase:40 - warning message
[ERROR] 2020-09-13 21:25:24.212 it.testware.base.TestBase:41 - error message
[DEBUG] 2020-09-13 21:25:34.320 it.testware.base.TestBase:74 - 
Driver launch and navigate to : http://www.way2automation.com/angularjs-protractor/banking/#/login

[DEBUG] 2020-09-13 21:25:34.398 it.testware.base.TestBase:16 - 
***************** loginAsBankManager start executing ****************

[DEBUG] 2020-09-13 21:25:42.962 it.testware.base.TestBase:85 - 
Driver quit

[INFO ] 2020-09-13 21:42:36.579 it.testware.base.TestBase:40 - info message
[DEBUG] 2020-09-13 21:42:36.587 it.testware.base.TestBase:41 - debug message
[WARN ] 2020-09-13 21:42:36.587 it.testware.base.TestBase:42 - warning message
[ERROR] 2020-09-13 21:42:36.588 it.testware.base.TestBase:43 - error message
[DEBUG] 2020-09-13 21:42:45.496 it.testware.base.TestBase:78 - 
Driver launch and navigate to : http://www.way2automation.com/angularjs-protractor/banking/#/login

[DEBUG] 2020-09-13 21:42:45.585 it.testware.base.TestBase:16 - 
***************** loginAsBankManager start executing ****************

[DEBUG] 2020-09-13 21:42:53.170 it.testware.base.TestBase:89 - 
Driver quit

